<?xml version="1.0" encoding="UTF-8"?>
<testsuite xmlns:xsi="http://www.w3.org/2001/XMLSchema-instance" xsi:noNamespaceSchemaLocation="https://maven.apache.org/surefire/maven-surefire-plugin/xsd/surefire-test-report-3.0.xsd" version="3.0" name="cucumber.Options.TestRunner" time="5.214" tests="2" errors="0" skipped="0" failures="0">
  <properties>
[...]
</properties>
  <testcase name="Verify if place is successfully added with AddPlace API" classname="Validating Place API&apos;s" time="3.557">
    <system-out><![CDATA[Value of resourceAPI is::/maps/api/place/add/json
Inside post method:::
Value of statusis::OK
Value of scopeis::APP
Value of resourceAPI is::/maps/api/place/get/json
Inside get method:::
Address name is::PhaniSwe
]]></system-out>
  </testcase>
  <testcase name="Verify if delete place functionality is working fine" classname="Validating Place API&apos;s" time="1.435">
    <system-out><![CDATA[Printing place_id7220dc669ca64d780bdba9713803c0da
Value of resourceAPI is::/maps/api/place/delete/json
Inside get method:::
Value of statusis::OK
]]></system-out>
  </testcase>
</testsuite>